<?xml version="1.0" encoding="UTF-8"?>
<testng-results ignored="0" total="1" passed="1" failed="0" skipped="0">
  <reporter-output>
  </reporter-output>
  <suite started-at="2023-03-28T10:03:18 IST" name="Default suite" finished-at="2023-03-28T10:03:22 IST" duration-ms="4221">
    <groups>
    </groups>
    <test started-at="2023-03-28T10:03:18 IST" name="Default test" finished-at="2023-03-28T10:03:22 IST" duration-ms="4221">
      <class name="reqres_Response_Validation.ResponseBodyValidation">
        <test-method signature="getAllUsers()[pri:0, instance:reqres_Response_Validation.ResponseBodyValidation@1613674b]" started-at="2023-03-28T10:03:18 IST" name="getAllUsers" finished-at="2023-03-28T10:03:22 IST" duration-ms="4163" status="PASS">
          <reporter-output>
          </reporter-output>
        </test-method> <!-- getAllUsers -->
      </class> <!-- reqres_Response_Validation.ResponseBodyValidation -->
    </test> <!-- Default test -->
  </suite> <!-- Default suite -->
</testng-results>
